# JRE version: OpenJDK Runtime Environment (16.0.2+7) (build 16.0.2+7-67)
# Java VM: OpenJDK 64-Bit Server VM (16.0.2+7-67, mixed mode, tiered, compressed oops, compressed class ptrs, g1 gc, windows-amd64)
GC Precious Log:
 CPUs: 8 total, 8 available
 Memory: 8078M
 Large Page Support: Disabled
 NUMA Support: Disabled
 Compressed Oops: Enabled (32-bit)
 Heap Region Size: 1M
 Heap Min Capacity: 8M
 Heap Initial Capacity: 128M
 Heap Max Capacity: 2020M
 Pre-touch: Disabled
 Parallel Workers: 8
 Concurrent Workers: 2
 Concurrent Refinement Workers: 8
 Periodic GC: Disabled
Heap:
 garbage-first heap   total 205824K, used 106990K [0x0000000081c00000, 0x0000000100000000)
  region size 1024K, 91 young (93184K), 1 survivors (1024K)
 Metaspace       used 37098K, committed 37376K, reserved 1089536K
  class space    used 3830K, committed 3968K, reserved 1048576K
GC Heap History (20 events):
Event: 87.836 GC heap before
{Heap before GC invocations=38 (full 0):
 garbage-first heap   total 205824K, used 172333K [0x0000000081c00000, 0x0000000100000000)
  region size 1024K, 120 young (122880K), 1 survivors (1024K)
 Metaspace       used 36414K, committed 36736K, reserved 1089536K
  class space    used 3820K, committed 3968K, reserved 1048576K
}
Event: 87.838 GC heap after
{Heap after GC invocations=39 (full 0):
 garbage-first heap   total 205824K, used 15761K [0x0000000081c00000, 0x0000000100000000)
  region size 1024K, 1 young (1024K), 1 survivors (1024K)
 Metaspace       used 36414K, committed 36736K, reserved 1089536K
  class space    used 3820K, committed 3968K, reserved 1048576K
}
Event: 103.477 GC heap before
{Heap before GC invocations=39 (full 0):
 garbage-first heap   total 205824K, used 136593K [0x0000000081c00000, 0x0000000100000000)
  region size 1024K, 120 young (122880K), 1 survivors (1024K)
 Metaspace       used 36548K, committed 36864K, reserved 1089536K
  class space    used 3823K, committed 3968K, reserved 1048576K
}
Event: 103.479 GC heap after
{Heap after GC invocations=40 (full 0):
 garbage-first heap   total 205824K, used 15784K [0x0000000081c00000, 0x0000000100000000)
  region size 1024K, 1 young (1024K), 1 survivors (1024K)
 Metaspace       used 36548K, committed 36864K, reserved 1089536K
  class space    used 3823K, committed 3968K, reserved 1048576K
}
Event: 169.040 GC heap before
{Heap before GC invocations=40 (full 0):
 garbage-first heap   total 205824K, used 137640K [0x0000000081c00000, 0x0000000100000000)
  region size 1024K, 120 young (122880K), 1 survivors (1024K)
 Metaspace       used 36768K, committed 37056K, reserved 1089536K
  class space    used 3823K, committed 3968K, reserved 1048576K
}
Event: 169.042 GC heap after
{Heap after GC invocations=41 (full 0):
 garbage-first heap   total 205824K, used 15811K [0x0000000081c00000, 0x0000000100000000)
  region size 1024K, 1 young (1024K), 1 survivors (1024K)
 Metaspace       used 36768K, committed 37056K, reserved 1089536K
  class space    used 3823K, committed 3968K, reserved 1048576K
}
Event: 248.393 GC heap before
{Heap before GC invocations=41 (full 0):
 garbage-first heap   total 205824K, used 137667K [0x0000000081c00000, 0x0000000100000000)
  region size 1024K, 120 young (122880K), 1 survivors (1024K)
 Metaspace       used 36863K, committed 37120K, reserved 1089536K
  class space    used 3824K, committed 3968K, reserved 1048576K
}
Event: 248.395 GC heap after
{Heap after GC invocations=42 (full 0):
 garbage-first heap   total 205824K, used 15880K [0x0000000081c00000, 0x0000000100000000)
  region size 1024K, 1 young (1024K), 1 survivors (1024K)
 Metaspace       used 36863K, committed 37120K, reserved 1089536K
  class space    used 3824K, committed 3968K, reserved 1048576K
}
Event: 273.004 GC heap before
{Heap before GC invocations=42 (full 0):
 garbage-first heap   total 205824K, used 137736K [0x0000000081c00000, 0x0000000100000000)
  region size 1024K, 120 young (122880K), 1 survivors (1024K)
 Metaspace       used 36920K, committed 37248K, reserved 1089536K
  class space    used 3826K, committed 3968K, reserved 1048576K
}
Event: 273.006 GC heap after
{Heap after GC invocations=43 (full 0):
 garbage-first heap   total 205824K, used 15819K [0x0000000081c00000, 0x0000000100000000)
  region size 1024K, 1 young (1024K), 1 survivors (1024K)
 Metaspace       used 36920K, committed 37248K, reserved 1089536K
  class space    used 3826K, committed 3968K, reserved 1048576K
}
Event: 289.032 GC heap before
{Heap before GC invocations=43 (full 0):
 garbage-first heap   total 205824K, used 136651K [0x0000000081c00000, 0x0000000100000000)
  region size 1024K, 120 young (122880K), 1 survivors (1024K)
 Metaspace       used 36937K, committed 37248K, reserved 1089536K
  class space    used 3827K, committed 3968K, reserved 1048576K
}
Event: 289.034 GC heap after
{Heap after GC invocations=44 (full 0):
 garbage-first heap   total 205824K, used 15843K [0x0000000081c00000, 0x0000000100000000)
  region size 1024K, 1 young (1024K), 1 survivors (1024K)
 Metaspace       used 36937K, committed 37248K, reserved 1089536K
  class space    used 3827K, committed 3968K, reserved 1048576K
}
Event: 309.444 GC heap before
{Heap before GC invocations=44 (full 0):
 garbage-first heap   total 205824K, used 136675K [0x0000000081c00000, 0x0000000100000000)
  region size 1024K, 120 young (122880K), 1 survivors (1024K)
 Metaspace       used 36948K, committed 37248K, reserved 1089536K
  class space    used 3827K, committed 3968K, reserved 1048576K
}
Event: 309.448 GC heap after
{Heap after GC invocations=45 (full 0):
 garbage-first heap   total 205824K, used 15870K [0x0000000081c00000, 0x0000000100000000)
  region size 1024K, 1 young (1024K), 1 survivors (1024K)
 Metaspace       used 36948K, committed 37248K, reserved 1089536K
  class space    used 3827K, committed 3968K, reserved 1048576K
}
Event: 399.267 GC heap before
{Heap before GC invocations=45 (full 0):
 garbage-first heap   total 205824K, used 137726K [0x0000000081c00000, 0x0000000100000000)
  region size 1024K, 120 young (122880K), 1 survivors (1024K)
 Metaspace       used 36976K, committed 37248K, reserved 1089536K
  class space    used 3828K, committed 3968K, reserved 1048576K
}
Event: 399.269 GC heap after
{Heap after GC invocations=46 (full 0):
 garbage-first heap   total 205824K, used 15895K [0x0000000081c00000, 0x0000000100000000)
  region size 1024K, 1 young (1024K), 1 survivors (1024K)
 Metaspace       used 36976K, committed 37248K, reserved 1089536K
  class space    used 3828K, committed 3968K, reserved 1048576K
}
Event: 457.135 GC heap before
{Heap before GC invocations=46 (full 0):
 garbage-first heap   total 205824K, used 136727K [0x0000000081c00000, 0x0000000100000000)
  region size 1024K, 120 young (122880K), 1 survivors (1024K)
 Metaspace       used 37000K, committed 37248K, reserved 1089536K
  class space    used 3828K, committed 3968K, reserved 1048576K
}
Event: 457.137 GC heap after
{Heap after GC invocations=47 (full 0):
 garbage-first heap   total 205824K, used 15860K [0x0000000081c00000, 0x0000000100000000)
  region size 1024K, 1 young (1024K), 1 survivors (1024K)
 Metaspace       used 37000K, committed 37248K, reserved 1089536K
  class space    used 3828K, committed 3968K, reserved 1048576K
}
Event: 471.956 GC heap before
{Heap before GC invocations=47 (full 0):
 garbage-first heap   total 205824K, used 137716K [0x0000000081c00000, 0x0000000100000000)
  region size 1024K, 120 young (122880K), 1 survivors (1024K)
 Metaspace       used 37004K, committed 37248K, reserved 1089536K
  class space    used 3828K, committed 3968K, reserved 1048576K
}
Event: 471.959 GC heap after
{Heap after GC invocations=48 (full 0):
 garbage-first heap   total 205824K, used 15854K [0x0000000081c00000, 0x0000000100000000)
  region size 1024K, 1 young (1024K), 1 survivors (1024K)
 Metaspace       used 37004K, committed 37248K, reserved 1089536K
  class space    used 3828K, committed 3968K, reserved 1048576K
}

