# JRE version: OpenJDK Runtime Environment (16.0.2+7) (build 16.0.2+7-67)
# Java VM: OpenJDK 64-Bit Server VM (16.0.2+7-67, mixed mode, tiered, compressed oops, compressed class ptrs, g1 gc, windows-amd64)
GC Precious Log:
 CPUs: 8 total, 8 available
 Memory: 8078M
 Large Page Support: Disabled
 NUMA Support: Disabled
 Compressed Oops: Enabled (32-bit)
 Heap Region Size: 1M
 Heap Min Capacity: 8M
 Heap Initial Capacity: 128M
 Heap Max Capacity: 2020M
 Pre-touch: Disabled
 Parallel Workers: 8
 Concurrent Workers: 2
 Concurrent Refinement Workers: 8
 Periodic GC: Disabled
Heap:
 garbage-first heap   total 51200K, used 29981K [0x0000000081c00000, 0x0000000100000000)
  region size 1024K, 19 young (19456K), 1 survivors (1024K)
 Metaspace       used 29046K, committed 29248K, reserved 1081344K
  class space    used 3043K, committed 3136K, reserved 1048576K
GC Heap History (20 events):
Event: 12.015 GC heap before
{Heap before GC invocations=3 (full 0):
 garbage-first heap   total 45056K, used 42352K [0x0000000081c00000, 0x0000000100000000)
  region size 1024K, 36 young (36864K), 4 survivors (4096K)
 Metaspace       used 27377K, committed 27648K, reserved 1081344K
  class space    used 2951K, committed 3072K, reserved 1048576K
}
Event: 12.021 GC heap after
{Heap after GC invocations=4 (full 0):
 garbage-first heap   total 51200K, used 12844K [0x0000000081c00000, 0x0000000100000000)
  region size 1024K, 6 young (6144K), 6 survivors (6144K)
 Metaspace       used 27377K, committed 27648K, reserved 1081344K
  class space    used 2951K, committed 3072K, reserved 1048576K
}
Event: 23.136 GC heap before
{Heap before GC invocations=4 (full 0):
 garbage-first heap   total 51200K, used 31276K [0x0000000081c00000, 0x0000000100000000)
  region size 1024K, 25 young (25600K), 6 survivors (6144K)
 Metaspace       used 27856K, committed 28096K, reserved 1081344K
  class space    used 3010K, committed 3136K, reserved 1048576K
}
Event: 23.143 GC heap after
{Heap after GC invocations=5 (full 0):
 garbage-first heap   total 51200K, used 13217K [0x0000000081c00000, 0x0000000100000000)
  region size 1024K, 1 young (1024K), 1 survivors (1024K)
 Metaspace       used 27856K, committed 28096K, reserved 1081344K
  class space    used 3010K, committed 3136K, reserved 1048576K
}
Event: 24.661 GC heap before
{Heap before GC invocations=5 (full 0):
 garbage-first heap   total 51200K, used 33697K [0x0000000081c00000, 0x0000000100000000)
  region size 1024K, 22 young (22528K), 1 survivors (1024K)
 Metaspace       used 27955K, committed 28160K, reserved 1081344K
  class space    used 3019K, committed 3136K, reserved 1048576K
}
Event: 24.663 GC heap after
{Heap after GC invocations=6 (full 0):
 garbage-first heap   total 51200K, used 12776K [0x0000000081c00000, 0x0000000100000000)
  region size 1024K, 1 young (1024K), 1 survivors (1024K)
 Metaspace       used 27955K, committed 28160K, reserved 1081344K
  class space    used 3019K, committed 3136K, reserved 1048576K
}
Event: 28.155 GC heap before
{Heap before GC invocations=6 (full 0):
 garbage-first heap   total 51200K, used 34280K [0x0000000081c00000, 0x0000000100000000)
  region size 1024K, 23 young (23552K), 1 survivors (1024K)
 Metaspace       used 28026K, committed 28288K, reserved 1081344K
  class space    used 3020K, committed 3136K, reserved 1048576K
}
Event: 28.156 GC heap after
{Heap after GC invocations=7 (full 0):
 garbage-first heap   total 51200K, used 12619K [0x0000000081c00000, 0x0000000100000000)
  region size 1024K, 1 young (1024K), 1 survivors (1024K)
 Metaspace       used 28026K, committed 28288K, reserved 1081344K
  class space    used 3020K, committed 3136K, reserved 1048576K
}
Event: 30.723 GC heap before
{Heap before GC invocations=7 (full 0):
 garbage-first heap   total 51200K, used 36171K [0x0000000081c00000, 0x0000000100000000)
  region size 1024K, 25 young (25600K), 1 survivors (1024K)
 Metaspace       used 28078K, committed 28288K, reserved 1081344K
  class space    used 3020K, committed 3136K, reserved 1048576K
}
Event: 30.724 GC heap after
{Heap after GC invocations=8 (full 0):
 garbage-first heap   total 51200K, used 12638K [0x0000000081c00000, 0x0000000100000000)
  region size 1024K, 1 young (1024K), 1 survivors (1024K)
 Metaspace       used 28078K, committed 28288K, reserved 1081344K
  class space    used 3020K, committed 3136K, reserved 1048576K
}
Event: 34.450 GC heap before
{Heap before GC invocations=8 (full 0):
 garbage-first heap   total 51200K, used 37214K [0x0000000081c00000, 0x0000000100000000)
  region size 1024K, 26 young (26624K), 1 survivors (1024K)
 Metaspace       used 28354K, committed 28608K, reserved 1081344K
  class space    used 3027K, committed 3136K, reserved 1048576K
}
Event: 34.451 GC heap after
{Heap after GC invocations=9 (full 0):
 garbage-first heap   total 51200K, used 12569K [0x0000000081c00000, 0x0000000100000000)
  region size 1024K, 1 young (1024K), 1 survivors (1024K)
 Metaspace       used 28354K, committed 28608K, reserved 1081344K
  class space    used 3027K, committed 3136K, reserved 1048576K
}
Event: 39.850 GC heap before
{Heap before GC invocations=9 (full 0):
 garbage-first heap   total 51200K, used 39193K [0x0000000081c00000, 0x0000000100000000)
  region size 1024K, 27 young (27648K), 1 survivors (1024K)
 Metaspace       used 28581K, committed 28800K, reserved 1081344K
  class space    used 3028K, committed 3136K, reserved 1048576K
}
Event: 39.852 GC heap after
{Heap after GC invocations=10 (full 0):
 garbage-first heap   total 51200K, used 12651K [0x0000000081c00000, 0x0000000100000000)
  region size 1024K, 1 young (1024K), 1 survivors (1024K)
 Metaspace       used 28581K, committed 28800K, reserved 1081344K
  class space    used 3028K, committed 3136K, reserved 1048576K
}
Event: 44.588 GC heap before
{Heap before GC invocations=10 (full 0):
 garbage-first heap   total 51200K, used 39275K [0x0000000081c00000, 0x0000000100000000)
  region size 1024K, 28 young (28672K), 1 survivors (1024K)
 Metaspace       used 28814K, committed 28992K, reserved 1081344K
  class space    used 3041K, committed 3136K, reserved 1048576K
}
Event: 44.589 GC heap after
{Heap after GC invocations=11 (full 0):
 garbage-first heap   total 51200K, used 12555K [0x0000000081c00000, 0x0000000100000000)
  region size 1024K, 1 young (1024K), 1 survivors (1024K)
 Metaspace       used 28814K, committed 28992K, reserved 1081344K
  class space    used 3041K, committed 3136K, reserved 1048576K
}
Event: 46.324 GC heap before
{Heap before GC invocations=11 (full 0):
 garbage-first heap   total 51200K, used 41227K [0x0000000081c00000, 0x0000000100000000)
  region size 1024K, 29 young (29696K), 1 survivors (1024K)
 Metaspace       used 28841K, committed 29120K, reserved 1081344K
  class space    used 3041K, committed 3136K, reserved 1048576K
}
Event: 46.326 GC heap after
{Heap after GC invocations=12 (full 0):
 garbage-first heap   total 51200K, used 12616K [0x0000000081c00000, 0x0000000100000000)
  region size 1024K, 1 young (1024K), 1 survivors (1024K)
 Metaspace       used 28841K, committed 29120K, reserved 1081344K
  class space    used 3041K, committed 3136K, reserved 1048576K
}
Event: 48.888 GC heap before
{Heap before GC invocations=12 (full 0):
 garbage-first heap   total 51200K, used 41288K [0x0000000081c00000, 0x0000000100000000)
  region size 1024K, 29 young (29696K), 1 survivors (1024K)
 Metaspace       used 28859K, committed 29120K, reserved 1081344K
  class space    used 3041K, committed 3136K, reserved 1048576K
}
Event: 48.889 GC heap after
{Heap after GC invocations=13 (full 0):
 garbage-first heap   total 51200K, used 12573K [0x0000000081c00000, 0x0000000100000000)
  region size 1024K, 1 young (1024K), 1 survivors (1024K)
 Metaspace       used 28859K, committed 29120K, reserved 1081344K
  class space    used 3041K, committed 3136K, reserved 1048576K
}

