<?xml version="1.0" encoding="UTF-8"?>
<testng-results ignored="0" total="1" passed="1" failed="0" skipped="0">
  <reporter-output>
  </reporter-output>
  <suite started-at="2022-05-11T18:15:35 IST" name="RTE Job Smoke" finished-at="2022-05-11T18:21:59 IST" duration-ms="383756">
    <groups>
    </groups>
    <test started-at="2022-05-11T18:15:35 IST" name="RTE Job Processing" finished-at="2022-05-11T18:21:59 IST" duration-ms="383756">
      <class name="rte_RTEJobCreation.RTEJobProcessing">
        <test-method is-config="true" signature="beforeMethod()[pri:0, instance:rte_RTEJobCreation.RTEJobProcessing@26e356f0]" started-at="2022-05-11T18:15:15 IST" name="beforeMethod" finished-at="2022-05-11T18:15:35 IST" duration-ms="19601" status="PASS">
          <reporter-output>
          </reporter-output>
        </test-method> <!-- beforeMethod -->
        <test-method is-config="true" signature="getTrackPickUPID()[pri:0, instance:rte_RTEJobCreation.RTEJobProcessing@26e356f0]" started-at="2022-05-11T18:15:35 IST" name="getTrackPickUPID" finished-at="2022-05-11T18:20:02 IST" duration-ms="267158" status="PASS">
          <reporter-output>
          </reporter-output>
        </test-method> <!-- getTrackPickUPID -->
        <test-method is-config="true" signature="testMethodName(java.lang.reflect.Method)[pri:0, instance:rte_RTEJobCreation.RTEJobProcessing@26e356f0]" started-at="2022-05-11T18:20:02 IST" name="testMethodName" finished-at="2022-05-11T18:20:02 IST" duration-ms="4" status="PASS">
          <params>
            <param index="0">
              <value>
                <![CDATA[public void rte_RTEJobCreation.RTEJobProcessing.rteOrderProcess() throws org.apache.poi.EncryptedDocumentException,org.apache.poi.openxml4j.exceptions.InvalidFormatException,java.io.IOException]]>
              </value>
            </param>
          </params>
          <reporter-output>
          </reporter-output>
        </test-method> <!-- testMethodName -->
        <test-method signature="rteOrderProcess()[pri:0, instance:rte_RTEJobCreation.RTEJobProcessing@26e356f0]" started-at="2022-05-11T18:20:02 IST" name="rteOrderProcess" finished-at="2022-05-11T18:21:58 IST" duration-ms="116435" status="PASS">
          <reporter-output>
          </reporter-output>
        </test-method> <!-- rteOrderProcess -->
        <test-method is-config="true" signature="getResult(org.testng.ITestResult)[pri:0, instance:rte_RTEJobCreation.RTEJobProcessing@26e356f0]" started-at="2022-05-11T18:21:58 IST" name="getResult" finished-at="2022-05-11T18:21:59 IST" duration-ms="123" status="PASS">
          <params>
            <param index="0">
              <value>
                <![CDATA[[TestResult name=rteOrderProcess status=SUCCESS method=RTEJobProcessing.rteOrderProcess()[pri:0, instance:rte_RTEJobCreation.RTEJobProcessing@26e356f0] output={null}]]]>
              </value>
            </param>
          </params>
          <reporter-output>
          </reporter-output>
        </test-method> <!-- getResult -->
        <test-method is-config="true" signature="SendEmail()[pri:0, instance:rte_RTEJobCreation.RTEJobProcessing@26e356f0]" started-at="2022-05-11T18:21:59 IST" name="SendEmail" finished-at="2022-05-11T18:22:04 IST" duration-ms="4977" status="PASS">
          <reporter-output>
          </reporter-output>
        </test-method> <!-- SendEmail -->
      </class> <!-- rte_RTEJobCreation.RTEJobProcessing -->
    </test> <!-- RTE Job Processing -->
  </suite> <!-- RTE Job Smoke -->
</testng-results>
